<?xml version="1.0" encoding="UTF-8"?>
<!-- Generated by org.testng.reporters.JUnitReportReporter -->
<testsuite hostname="k" name="com.cpeoc.appiunTestDemo.test.yy.MyFirstTest" tests="6" failures="0" timestamp="25 Oct 2017 02:36:49 GMT" time="0.001" errors="0">
  <testcase name="test002" time="0.000" classname="com.cpeoc.appiunTestDemo.test.yy.MyFirstTest"/>
  <testcase name="test001" time="0.000" classname="com.cpeoc.appiunTestDemo.test.yy.MyFirstTest"/>
  <testcase name="test001" time="0.000" classname="com.cpeoc.appiunTestDemo.test.yy.MyFirstTest"/>
  <testcase name="test003" time="0.000" classname="com.cpeoc.appiunTestDemo.test.yy.MyFirstTest"/>
  <testcase name="test003" time="0.000" classname="com.cpeoc.appiunTestDemo.test.yy.MyFirstTest"/>
  <testcase name="test002" time="0.001" classname="com.cpeoc.appiunTestDemo.test.yy.MyFirstTest"/>
</testsuite> <!-- com.cpeoc.appiunTestDemo.test.yy.MyFirstTest -->
