<?xml version="1.0" encoding="UTF-8"?>
<!-- Generated by org.testng.reporters.JUnitReportReporter -->
<testsuite hostname="k" name="com.cpeoc.appiunTestDemo.utils.CreatXML" tests="1" failures="0" timestamp="1 Nov 2017 07:47:58 GMT" time="1.119" errors="0">
  <testcase name="creatRuntimeXML" time="1.119" classname="com.cpeoc.appiunTestDemo.utils.CreatXML"/>
</testsuite> <!-- com.cpeoc.appiunTestDemo.utils.CreatXML -->
