<?xml version="1.0" encoding="UTF-8"?>
<!-- Generated by org.testng.reporters.JUnitReportReporter -->
<testsuite hostname="k" name="com.cpeoc.appiunTestDemo.conf.TestRunner" tests="1" failures="0" timestamp="25 Oct 2017 02:36:50 GMT" time="0.164" errors="0">
  <testcase name="excTestngXml" time="0.164" classname="com.cpeoc.appiunTestDemo.conf.TestRunner"/>
</testsuite> <!-- com.cpeoc.appiunTestDemo.conf.TestRunner -->
