<?xml version="1.0" encoding="UTF-8"?>
<!-- Generated by org.testng.reporters.JUnitReportReporter -->
<testsuite hostname="k" name="com.cpeoc.appiunTestDemo.test.TestCase2" tests="1" failures="0" timestamp="27 Oct 2017 08:36:31 GMT" time="3.146" errors="0">
  <testcase name="swipeIntoHome" time="3.146" classname="com.cpeoc.appiunTestDemo.test.TestCase2"/>
</testsuite> <!-- com.cpeoc.appiunTestDemo.test.TestCase2 -->
